{"/Users/nerdfiles/Projects/oh-my-grid/src/container/index.js":{"path":"/Users/nerdfiles/Projects/oh-my-grid/src/container/index.js","s":{"1":1,"2":1,"3":1,"4":1,"5":1,"6":1,"7":1,"8":1,"9":1,"10":1,"11":1,"12":1,"13":1,"14":1,"15":1,"16":1},"b":{},"f":{},"fnMap":{},"statementMap":{"1":{"start":{"line":6,"column":0},"end":{"line":6,"column":67}},"2":{"start":{"line":8,"column":0},"end":{"line":8,"column":30}},"3":{"start":{"line":9,"column":0},"end":{"line":9,"column":47}},"4":{"start":{"line":10,"column":0},"end":{"line":10,"column":47}},"5":{"start":{"line":11,"column":0},"end":{"line":11,"column":54}},"6":{"start":{"line":12,"column":0},"end":{"line":12,"column":64}},"7":{"start":{"line":13,"column":0},"end":{"line":13,"column":39}},"8":{"start":{"line":14,"column":0},"end":{"line":14,"column":43}},"9":{"start":{"line":15,"column":0},"end":{"line":15,"column":46}},"10":{"start":{"line":16,"column":0},"end":{"line":16,"column":36}},"11":{"start":{"line":17,"column":0},"end":{"line":17,"column":54}},"12":{"start":{"line":18,"column":0},"end":{"line":18,"column":46}},"13":{"start":{"line":19,"column":0},"end":{"line":19,"column":45}},"14":{"start":{"line":22,"column":0},"end":{"line":22,"column":36}},"15":{"start":{"line":24,"column":0},"end":{"line":38,"column":5}},"16":{"start":{"line":40,"column":0},"end":{"line":40,"column":27}}},"branchMap":{}},"/Users/nerdfiles/Projects/oh-my-grid/src/app/index.js":{"path":"/Users/nerdfiles/Projects/oh-my-grid/src/app/index.js","s":{"1":1,"2":0,"3":0},"b":{},"f":{},"fnMap":{},"statementMap":{"1":{"start":{"line":1,"column":0},"end":{"line":9,"column":2}},"2":{"start":{"line":2,"column":2},"end":{"line":8,"column":4}},"3":{"start":{"line":4,"column":6},"end":{"line":7,"column":27}}},"branchMap":{}},"/Users/nerdfiles/Projects/oh-my-grid/src/inter/http/server.js":{"path":"/Users/nerdfiles/Projects/oh-my-grid/src/inter/http/server.js","s":{"1":1,"2":1,"3":1,"4":1,"5":1,"6":1,"7":1,"8":1,"9":0,"10":0,"11":0,"12":0},"b":{},"f":{},"fnMap":{},"statementMap":{"1":{"start":{"line":6,"column":0},"end":{"line":6,"column":35}},"2":{"start":{"line":8,"column":0},"end":{"line":26,"column":2}},"3":{"start":{"line":9,"column":2},"end":{"line":9,"column":24}},"4":{"start":{"line":11,"column":2},"end":{"line":11,"column":30}},"5":{"start":{"line":12,"column":2},"end":{"line":12,"column":29}},"6":{"start":{"line":13,"column":2},"end":{"line":13,"column":18}},"7":{"start":{"line":15,"column":2},"end":{"line":15,"column":36}},"8":{"start":{"line":17,"column":2},"end":{"line":25,"column":4}},"9":{"start":{"line":19,"column":17},"end":{"line":24,"column":6}},"10":{"start":{"line":20,"column":6},"end":{"line":23,"column":9}},"11":{"start":{"line":21,"column":8},"end":{"line":21,"column":40}},"12":{"start":{"line":22,"column":8},"end":{"line":22,"column":62}}},"branchMap":{}},"/Users/nerdfiles/Projects/oh-my-grid/src/inter/http/router/index.js":{"path":"/Users/nerdfiles/Projects/oh-my-grid/src/inter/http/router/index.js","s":{"1":1,"2":1,"3":1,"4":1,"5":1,"6":1,"7":1,"8":1,"9":1,"10":1,"11":1,"12":1,"13":0,"14":1,"15":0,"16":1,"17":1,"18":1,"19":1,"20":1,"21":1,"22":1,"23":1,"24":1},"b":{"1":[0,1],"2":[0,1]},"f":{},"fnMap":{},"statementMap":{"1":{"start":{"line":5,"column":0},"end":{"line":5,"column":56}},"2":{"start":{"line":6,"column":0},"end":{"line":6,"column":29}},"3":{"start":{"line":7,"column":0},"end":{"line":7,"column":42}},"4":{"start":{"line":8,"column":0},"end":{"line":8,"column":43}},"5":{"start":{"line":10,"column":0},"end":{"line":10,"column":38}},"6":{"start":{"line":11,"column":0},"end":{"line":11,"column":42}},"7":{"start":{"line":13,"column":0},"end":{"line":13,"column":49}},"8":{"start":{"line":14,"column":0},"end":{"line":14,"column":56}},"9":{"start":{"line":15,"column":0},"end":{"line":15,"column":60}},"10":{"start":{"line":17,"column":0},"end":{"line":64,"column":2}},"11":{"start":{"line":18,"column":2},"end":{"line":18,"column":26}},"12":{"start":{"line":21,"column":2},"end":{"line":23,"column":3}},"13":{"start":{"line":22,"column":4},"end":{"line":22,"column":32},"skip":true},"14":{"start":{"line":26,"column":2},"end":{"line":28,"column":3}},"15":{"start":{"line":27,"column":4},"end":{"line":27,"column":35},"skip":true},"16":{"start":{"line":30,"column":2},"end":{"line":30,"column":29}},"17":{"start":{"line":32,"column":2},"end":{"line":52,"column":24}},"18":{"start":{"line":54,"column":2},"end":{"line":54,"column":48}},"19":{"start":{"line":55,"column":2},"end":{"line":55,"column":59}},"20":{"start":{"line":56,"column":2},"end":{"line":56,"column":60}},"21":{"start":{"line":58,"column":2},"end":{"line":58,"column":32}},"22":{"start":{"line":59,"column":2},"end":{"line":59,"column":50}},"23":{"start":{"line":61,"column":2},"end":{"line":61,"column":59}},"24":{"start":{"line":63,"column":2},"end":{"line":63,"column":16}}},"branchMap":{"1":{"line":21,"type":"if","locations":[{"start":{"line":21,"column":2},"end":{"line":21,"column":2},"skip":true},{"start":{"line":21,"column":2},"end":{"line":21,"column":2}}]},"2":{"line":26,"type":"if","locations":[{"start":{"line":26,"column":2},"end":{"line":26,"column":2},"skip":true},{"start":{"line":26,"column":2},"end":{"line":26,"column":2}}]}}},"/Users/nerdfiles/Projects/oh-my-grid/src/inter/http/utils/index.js":{"path":"/Users/nerdfiles/Projects/oh-my-grid/src/inter/http/utils/index.js","s":{"1":1,"2":1},"b":{},"f":{},"fnMap":{},"statementMap":{"1":{"start":{"line":5,"column":0},"end":{"line":5,"column":59}},"2":{"start":{"line":7,"column":0},"end":{"line":9,"column":2}}},"branchMap":{}},"/Users/nerdfiles/Projects/oh-my-grid/src/inter/http/utils/create-controller.js":{"path":"/Users/nerdfiles/Projects/oh-my-grid/src/inter/http/utils/create-controller.js","s":{"1":1,"2":1,"3":3,"4":3,"5":3},"b":{},"f":{"1":3},"fnMap":{"1":{"name":"createControllerRoutes","line":8,"loc":{"start":{"line":8,"column":17},"end":{"line":8,"column":65}}}},"statementMap":{"1":{"start":{"line":5,"column":0},"end":{"line":5,"column":29}},"2":{"start":{"line":8,"column":0},"end":{"line":13,"column":2}},"3":{"start":{"line":9,"column":2},"end":{"line":9,"column":81}},"4":{"start":{"line":10,"column":2},"end":{"line":10,"column":45}},"5":{"start":{"line":12,"column":2},"end":{"line":12,"column":22}}},"branchMap":{}},"/Users/nerdfiles/Projects/oh-my-grid/src/inter/http/middleware/http-logger.js":{"path":"/Users/nerdfiles/Projects/oh-my-grid/src/inter/http/middleware/http-logger.js","s":{"1":1,"2":1,"3":0,"4":0},"b":{},"f":{},"fnMap":{},"statementMap":{"1":{"start":{"line":5,"column":0},"end":{"line":5,"column":33}},"2":{"start":{"line":8,"column":0},"end":{"line":16,"column":2}},"3":{"start":{"line":9,"column":2},"end":{"line":15,"column":5}},"4":{"start":{"line":12,"column":8},"end":{"line":12,"column":42}}},"branchMap":{}},"/Users/nerdfiles/Projects/oh-my-grid/src/inter/http/middleware/error-handler.js":{"path":"/Users/nerdfiles/Projects/oh-my-grid/src/inter/http/middleware/error-handler.js","s":{"1":1,"2":1,"3":0,"4":0,"5":0},"b":{"1":[0,0]},"f":{},"fnMap":{},"statementMap":{"1":{"start":{"line":5,"column":0},"end":{"line":5,"column":38}},"2":{"start":{"line":9,"column":0},"end":{"line":21,"column":2},"skip":true},"3":{"start":{"line":11,"column":2},"end":{"line":11,"column":20},"skip":true},"4":{"start":{"line":13,"column":2},"end":{"line":18,"column":5},"skip":true},"5":{"start":{"line":20,"column":2},"end":{"line":20,"column":58},"skip":true}},"branchMap":{"1":{"line":15,"type":"binary-expr","locations":[{"start":{"line":15,"column":5},"end":{"line":15,"column":33},"skip":true},{"start":{"line":15,"column":37},"end":{"line":18,"column":3},"skip":true}]}}},"/Users/nerdfiles/Projects/oh-my-grid/src/inter/http/security/authn.js":{"path":"/Users/nerdfiles/Projects/oh-my-grid/src/inter/http/security/authn.js","s":{"1":1,"2":1,"3":1,"4":1,"5":1,"6":0,"7":0,"8":0,"9":1,"10":1,"11":0,"12":1,"13":0,"14":1,"15":1,"16":1},"b":{},"f":{"1":0,"2":0},"fnMap":{"1":{"name":"(anonymous_1)","line":24,"loc":{"start":{"line":24,"column":25},"end":{"line":24,"column":47}}},"2":{"name":"(anonymous_2)","line":28,"loc":{"start":{"line":28,"column":27},"end":{"line":28,"column":49}}}},"statementMap":{"1":{"start":{"line":5,"column":0},"end":{"line":5,"column":37}},"2":{"start":{"line":6,"column":0},"end":{"line":6,"column":57}},"3":{"start":{"line":8,"column":0},"end":{"line":40,"column":2}},"4":{"start":{"line":9,"column":2},"end":{"line":12,"column":4}},"5":{"start":{"line":14,"column":2},"end":{"line":20,"column":5}},"6":{"start":{"line":15,"column":4},"end":{"line":19,"column":43}},"7":{"start":{"line":17,"column":8},"end":{"line":17,"column":25}},"8":{"start":{"line":19,"column":24},"end":{"line":19,"column":41}},"9":{"start":{"line":22,"column":2},"end":{"line":22,"column":25}},"10":{"start":{"line":24,"column":2},"end":{"line":26,"column":5}},"11":{"start":{"line":25,"column":4},"end":{"line":25,"column":21}},"12":{"start":{"line":28,"column":2},"end":{"line":30,"column":5}},"13":{"start":{"line":29,"column":4},"end":{"line":29,"column":21}},"14":{"start":{"line":32,"column":2},"end":{"line":39,"column":4}},"15":{"start":{"line":34,"column":6},"end":{"line":34,"column":35}},"16":{"start":{"line":37,"column":6},"end":{"line":37,"column":42}}},"branchMap":{}},"/Users/nerdfiles/Projects/oh-my-grid/config/index.js":{"path":"/Users/nerdfiles/Projects/oh-my-grid/config/index.js","s":{"1":1,"2":1,"3":1,"4":1,"5":1,"6":1,"7":1,"8":0,"9":1,"10":1,"11":1,"12":1},"b":{"1":[1,0],"2":[1,0]},"f":{"1":1},"fnMap":{"1":{"name":"loadDbConfig","line":12,"loc":{"start":{"line":12,"column":0},"end":{"line":12,"column":25}}}},"statementMap":{"1":{"start":{"line":5,"column":0},"end":{"line":5,"column":24}},"2":{"start":{"line":7,"column":0},"end":{"line":7,"column":25}},"3":{"start":{"line":8,"column":0},"end":{"line":8,"column":29}},"4":{"start":{"line":10,"column":0},"end":{"line":10,"column":50}},"5":{"start":{"line":12,"column":0},"end":{"line":18,"column":1}},"6":{"start":{"line":13,"column":2},"end":{"line":15,"column":3}},"7":{"start":{"line":14,"column":4},"end":{"line":14,"column":38}},"8":{"start":{"line":17,"column":2},"end":{"line":17,"column":59}},"9":{"start":{"line":20,"column":0},"end":{"line":20,"column":69}},"10":{"start":{"line":21,"column":0},"end":{"line":21,"column":38}},"11":{"start":{"line":22,"column":0},"end":{"line":25,"column":14}},"12":{"start":{"line":27,"column":0},"end":{"line":27,"column":24}}},"branchMap":{"1":{"line":10,"type":"binary-expr","locations":[{"start":{"line":10,"column":12},"end":{"line":10,"column":32}},{"start":{"line":10,"column":36},"end":{"line":10,"column":49}}]},"2":{"line":13,"type":"if","locations":[{"start":{"line":13,"column":2},"end":{"line":13,"column":2}},{"start":{"line":13,"column":2},"end":{"line":13,"column":2}}]}}},"/Users/nerdfiles/Projects/oh-my-grid/config/environments/test.js":{"path":"/Users/nerdfiles/Projects/oh-my-grid/config/environments/test.js","s":{"1":1},"b":{"1":[1,1]},"f":{},"fnMap":{},"statementMap":{"1":{"start":{"line":5,"column":0},"end":{"line":19,"column":2}}},"branchMap":{"1":{"line":7,"type":"binary-expr","locations":[{"start":{"line":7,"column":8},"end":{"line":7,"column":24}},{"start":{"line":7,"column":28},"end":{"line":7,"column":32}}]}}},"/Users/nerdfiles/Projects/oh-my-grid/config/database.js":{"path":"/Users/nerdfiles/Projects/oh-my-grid/config/database.js","s":{"1":1,"2":1,"3":1,"4":1},"b":{},"f":{},"fnMap":{},"statementMap":{"1":{"start":{"line":5,"column":0},"end":{"line":5,"column":29}},"2":{"start":{"line":6,"column":0},"end":{"line":6,"column":40}},"3":{"start":{"line":8,"column":0},"end":{"line":8,"column":47}},"4":{"start":{"line":11,"column":0},"end":{"line":31,"column":2}}},"branchMap":{}},"/Users/nerdfiles/Projects/oh-my-grid/src/infra/logging/index.js":{"path":"/Users/nerdfiles/Projects/oh-my-grid/src/infra/logging/index.js","s":{"1":1,"2":1,"3":1,"4":1,"5":1},"b":{"1":[1,0]},"f":{},"fnMap":{},"statementMap":{"1":{"start":{"line":5,"column":0},"end":{"line":5,"column":25}},"2":{"start":{"line":6,"column":0},"end":{"line":6,"column":35}},"3":{"start":{"line":9,"column":0},"end":{"line":9,"column":47}},"4":{"start":{"line":11,"column":0},"end":{"line":21,"column":2}},"5":{"start":{"line":13,"column":2},"end":{"line":20,"column":5}}},"branchMap":{"1":{"line":9,"type":"binary-expr","locations":[{"start":{"line":9,"column":0},"end":{"line":9,"column":22}},{"start":{"line":9,"column":26},"end":{"line":9,"column":46}}]}}},"/Users/nerdfiles/Projects/oh-my-grid/src/infra/database/index.js":{"path":"/Users/nerdfiles/Projects/oh-my-grid/src/infra/database/index.js","s":{"1":1,"2":1,"3":1,"4":0,"5":0,"6":1},"b":{"1":[0,1]},"f":{},"fnMap":{},"statementMap":{"1":{"start":{"line":2,"column":0},"end":{"line":2,"column":47}},"2":{"start":{"line":4,"column":0},"end":{"line":13,"column":2}},"3":{"start":{"line":5,"column":2},"end":{"line":10,"column":3}},"4":{"start":{"line":7,"column":4},"end":{"line":7,"column":75}},"5":{"start":{"line":9,"column":4},"end":{"line":9,"column":17}},"6":{"start":{"line":12,"column":2},"end":{"line":12,"column":51}}},"branchMap":{"1":{"line":5,"type":"if","locations":[{"start":{"line":5,"column":2},"end":{"line":5,"column":2}},{"start":{"line":5,"column":2},"end":{"line":5,"column":2}}]}}},"/Users/nerdfiles/Projects/oh-my-grid/src/infra/jwt/index.js":{"path":"/Users/nerdfiles/Projects/oh-my-grid/src/infra/jwt/index.js","s":{"1":1,"2":1,"3":1,"4":1,"5":0,"6":0,"7":0,"8":0,"9":0,"10":0,"11":0,"12":0,"13":0,"14":0},"b":{},"f":{},"fnMap":{},"statementMap":{"1":{"start":{"line":5,"column":0},"end":{"line":5,"column":36}},"2":{"start":{"line":6,"column":0},"end":{"line":11,"column":21}},"3":{"start":{"line":14,"column":0},"end":{"line":33,"column":3}},"4":{"start":{"line":14,"column":34},"end":{"line":33,"column":1}},"5":{"start":{"line":15,"column":23},"end":{"line":18,"column":3}},"6":{"start":{"line":16,"column":4},"end":{"line":16,"column":64}},"7":{"start":{"line":17,"column":4},"end":{"line":17,"column":54}},"8":{"start":{"line":19,"column":23},"end":{"line":22,"column":3}},"9":{"start":{"line":20,"column":4},"end":{"line":20,"column":43}},"10":{"start":{"line":21,"column":4},"end":{"line":21,"column":54}},"11":{"start":{"line":23,"column":23},"end":{"line":32,"column":3}},"12":{"start":{"line":24,"column":4},"end":{"line":24,"column":43}},"13":{"start":{"line":25,"column":4},"end":{"line":29,"column":6}},"14":{"start":{"line":31,"column":4},"end":{"line":31,"column":30}}},"branchMap":{}},"/Users/nerdfiles/Projects/oh-my-grid/src/infra/support/response.js":{"path":"/Users/nerdfiles/Projects/oh-my-grid/src/infra/support/response.js","s":{"1":1,"2":1,"3":1,"4":0,"5":1,"6":0,"7":1,"8":0,"9":1},"b":{},"f":{},"fnMap":{},"statementMap":{"1":{"start":{"line":5,"column":0},"end":{"line":5,"column":35}},"2":{"start":{"line":7,"column":0},"end":{"line":36,"column":2}},"3":{"start":{"line":8,"column":2},"end":{"line":14,"column":4}},"4":{"start":{"line":9,"column":4},"end":{"line":13,"column":6}},"5":{"start":{"line":16,"column":2},"end":{"line":22,"column":4}},"6":{"start":{"line":17,"column":4},"end":{"line":21,"column":6}},"7":{"start":{"line":24,"column":2},"end":{"line":30,"column":4}},"8":{"start":{"line":25,"column":4},"end":{"line":29,"column":6}},"9":{"start":{"line":32,"column":2},"end":{"line":35,"column":4}}},"branchMap":{}},"/Users/nerdfiles/Projects/oh-my-grid/src/infra/support/date.js":{"path":"/Users/nerdfiles/Projects/oh-my-grid/src/infra/support/date.js","s":{"1":1,"2":1,"3":0,"4":0,"5":0,"6":0},"b":{},"f":{},"fnMap":{},"statementMap":{"1":{"start":{"line":5,"column":0},"end":{"line":5,"column":33}},"2":{"start":{"line":8,"column":0},"end":{"line":16,"column":2}},"3":{"start":{"line":9,"column":2},"end":{"line":9,"column":51}},"4":{"start":{"line":11,"column":2},"end":{"line":11,"column":67}},"5":{"start":{"line":11,"column":32},"end":{"line":11,"column":66}},"6":{"start":{"line":13,"column":2},"end":{"line":15,"column":4}}},"branchMap":{}},"/Users/nerdfiles/Projects/oh-my-grid/src/infra/repos/index.js":{"path":"/Users/nerdfiles/Projects/oh-my-grid/src/infra/repos/index.js","s":{"1":1,"2":1,"3":1,"4":1},"b":{},"f":{},"fnMap":{},"statementMap":{"1":{"start":{"line":5,"column":0},"end":{"line":5,"column":31}},"2":{"start":{"line":8,"column":0},"end":{"line":14,"column":2}},"3":{"start":{"line":9,"column":2},"end":{"line":9,"column":42}},"4":{"start":{"line":11,"column":2},"end":{"line":13,"column":4}}},"branchMap":{}},"/Users/nerdfiles/Projects/oh-my-grid/src/infra/repos/user/transform.js":{"path":"/Users/nerdfiles/Projects/oh-my-grid/src/infra/repos/user/transform.js","s":{"1":1,"2":1,"3":1},"b":{},"f":{},"fnMap":{},"statementMap":{"1":{"start":{"line":9,"column":0},"end":{"line":9,"column":49}},"2":{"start":{"line":15,"column":0},"end":{"line":15,"column":22}},"3":{"start":{"line":17,"column":0},"end":{"line":19,"column":2}}},"branchMap":{}},"/Users/nerdfiles/Projects/oh-my-grid/src/domain/user/index.js":{"path":"/Users/nerdfiles/Projects/oh-my-grid/src/domain/user/index.js","s":{"1":1,"2":1},"b":{},"f":{},"fnMap":{},"statementMap":{"1":{"start":{"line":5,"column":0},"end":{"line":5,"column":31}},"2":{"start":{"line":8,"column":0},"end":{"line":10,"column":2}}},"branchMap":{}},"/Users/nerdfiles/Projects/oh-my-grid/src/domain/user/user.js":{"path":"/Users/nerdfiles/Projects/oh-my-grid/src/domain/user/user.js","s":{"1":1,"2":1,"3":1,"4":1,"5":1},"b":{},"f":{},"fnMap":{},"statementMap":{"1":{"start":{"line":5,"column":0},"end":{"line":5,"column":27}},"2":{"start":{"line":6,"column":0},"end":{"line":6,"column":37}},"3":{"start":{"line":7,"column":0},"end":{"line":7,"column":46}},"4":{"start":{"line":10,"column":0},"end":{"line":25,"column":3}},"5":{"start":{"line":28,"column":0},"end":{"line":31,"column":2}}},"branchMap":{}},"/Users/nerdfiles/Projects/oh-my-grid/src/domain/helper.js":{"path":"/Users/nerdfiles/Projects/oh-my-grid/src/domain/helper.js","s":{"1":1,"2":1,"3":1,"4":0,"5":1},"b":{},"f":{},"fnMap":{},"statementMap":{"1":{"start":{"line":5,"column":0},"end":{"line":10,"column":21}},"2":{"start":{"line":13,"column":0},"end":{"line":13,"column":43}},"3":{"start":{"line":15,"column":0},"end":{"line":15,"column":54}},"4":{"start":{"line":15,"column":30},"end":{"line":15,"column":53}},"5":{"start":{"line":18,"column":0},"end":{"line":20,"column":2}}},"branchMap":{}},"/Users/nerdfiles/Projects/oh-my-grid/src/infra/encryption/index.js":{"path":"/Users/nerdfiles/Projects/oh-my-grid/src/infra/encryption/index.js","s":{"1":1,"2":1,"3":0,"4":0,"5":1,"6":0,"7":1},"b":{},"f":{},"fnMap":{},"statementMap":{"1":{"start":{"line":5,"column":0},"end":{"line":5,"column":33}},"2":{"start":{"line":8,"column":0},"end":{"line":11,"column":2}},"3":{"start":{"line":9,"column":2},"end":{"line":9,"column":36}},"4":{"start":{"line":10,"column":2},"end":{"line":10,"column":41}},"5":{"start":{"line":13,"column":0},"end":{"line":15,"column":2}},"6":{"start":{"line":14,"column":2},"end":{"line":14,"column":55}},"7":{"start":{"line":17,"column":0},"end":{"line":20,"column":2}}},"branchMap":{}},"/Users/nerdfiles/Projects/oh-my-grid/src/infra/database/models/organization/index.js":{"path":"/Users/nerdfiles/Projects/oh-my-grid/src/infra/database/models/organization/index.js","s":{"1":1,"2":1,"3":0,"4":0,"5":0},"b":{},"f":{},"fnMap":{},"statementMap":{"1":{"start":{"line":5,"column":0},"end":{"line":5,"column":44}},"2":{"start":{"line":7,"column":0},"end":{"line":16,"column":2}},"3":{"start":{"line":8,"column":2},"end":{"line":8,"column":65}},"4":{"start":{"line":10,"column":2},"end":{"line":13,"column":4}},"5":{"start":{"line":15,"column":2},"end":{"line":15,"column":27}}},"branchMap":{}},"/Users/nerdfiles/Projects/oh-my-grid/src/infra/database/models/place/index.js":{"path":"/Users/nerdfiles/Projects/oh-my-grid/src/infra/database/models/place/index.js","s":{"1":1,"2":1,"3":0,"4":0,"5":0},"b":{},"f":{},"fnMap":{},"statementMap":{"1":{"start":{"line":5,"column":0},"end":{"line":5,"column":37}},"2":{"start":{"line":7,"column":0},"end":{"line":16,"column":2}},"3":{"start":{"line":8,"column":2},"end":{"line":8,"column":58}},"4":{"start":{"line":10,"column":2},"end":{"line":13,"column":4}},"5":{"start":{"line":15,"column":2},"end":{"line":15,"column":20}}},"branchMap":{}},"/Users/nerdfiles/Projects/oh-my-grid/src/infra/database/models/user/index.js":{"path":"/Users/nerdfiles/Projects/oh-my-grid/src/infra/database/models/user/index.js","s":{"1":1,"2":1,"3":0,"4":0,"5":0},"b":{},"f":{},"fnMap":{},"statementMap":{"1":{"start":{"line":5,"column":0},"end":{"line":5,"column":36}},"2":{"start":{"line":7,"column":0},"end":{"line":16,"column":2}},"3":{"start":{"line":8,"column":2},"end":{"line":8,"column":57}},"4":{"start":{"line":10,"column":2},"end":{"line":13,"column":4}},"5":{"start":{"line":15,"column":2},"end":{"line":15,"column":19}}},"branchMap":{}},"/Users/nerdfiles/Projects/oh-my-grid/src/inter/http/resources/index.js":{"path":"/Users/nerdfiles/Projects/oh-my-grid/src/inter/http/resources/index.js","s":{"1":1,"2":1,"3":1,"4":1,"5":1,"6":1,"7":1,"8":1,"9":1,"10":0,"11":1,"12":0,"13":1},"b":{},"f":{},"fnMap":{},"statementMap":{"1":{"start":{"line":5,"column":0},"end":{"line":5,"column":46}},"2":{"start":{"line":6,"column":0},"end":{"line":6,"column":38}},"3":{"start":{"line":7,"column":0},"end":{"line":7,"column":38}},"4":{"start":{"line":10,"column":0},"end":{"line":71,"column":2}},"5":{"start":{"line":11,"column":2},"end":{"line":11,"column":26}},"6":{"start":{"line":13,"column":2},"end":{"line":29,"column":4}},"7":{"start":{"line":31,"column":2},"end":{"line":34,"column":4}},"8":{"start":{"line":36,"column":2},"end":{"line":36,"column":44}},"9":{"start":{"line":60,"column":2},"end":{"line":64,"column":5}},"10":{"start":{"line":61,"column":4},"end":{"line":63,"column":39}},"11":{"start":{"line":66,"column":2},"end":{"line":68,"column":5}},"12":{"start":{"line":67,"column":4},"end":{"line":67,"column":44}},"13":{"start":{"line":70,"column":2},"end":{"line":70,"column":16}}},"branchMap":{}},"/Users/nerdfiles/Projects/oh-my-grid/src/inter/http/resources/user/instance.js":{"path":"/Users/nerdfiles/Projects/oh-my-grid/src/inter/http/resources/user/instance.js","s":{"1":1,"2":1,"3":1,"4":1,"5":1,"6":1,"7":1,"8":1},"b":{},"f":{},"fnMap":{},"statementMap":{"1":{"start":{"line":5,"column":0},"end":{"line":5,"column":51}},"2":{"start":{"line":6,"column":0},"end":{"line":6,"column":54}},"3":{"start":{"line":9,"column":0},"end":{"line":25,"column":2}},"4":{"start":{"line":10,"column":2},"end":{"line":15,"column":23}},"5":{"start":{"line":16,"column":2},"end":{"line":16,"column":35}},"6":{"start":{"line":18,"column":2},"end":{"line":18,"column":54}},"7":{"start":{"line":19,"column":2},"end":{"line":19,"column":45}},"8":{"start":{"line":21,"column":2},"end":{"line":24,"column":4}}},"branchMap":{}},"/Users/nerdfiles/Projects/oh-my-grid/src/app/user/index.js":{"path":"/Users/nerdfiles/Projects/oh-my-grid/src/app/user/index.js","s":{"1":1,"2":1,"3":1,"4":1,"5":1},"b":{},"f":{},"fnMap":{},"statementMap":{"1":{"start":{"line":9,"column":0},"end":{"line":9,"column":29}},"2":{"start":{"line":10,"column":0},"end":{"line":10,"column":31}},"3":{"start":{"line":11,"column":0},"end":{"line":11,"column":29}},"4":{"start":{"line":12,"column":0},"end":{"line":12,"column":35}},"5":{"start":{"line":14,"column":0},"end":{"line":19,"column":2}}},"branchMap":{}},"/Users/nerdfiles/Projects/oh-my-grid/src/app/user/get.js":{"path":"/Users/nerdfiles/Projects/oh-my-grid/src/app/user/get.js","s":{"1":1,"2":1,"3":0,"4":0,"5":0,"6":1},"b":{},"f":{},"fnMap":{},"statementMap":{"1":{"start":{"line":9,"column":0},"end":{"line":29,"column":2}},"2":{"start":{"line":11,"column":2},"end":{"line":24,"column":4}},"3":{"start":{"line":12,"column":4},"end":{"line":23,"column":9}},"4":{"start":{"line":15,"column":8},"end":{"line":19,"column":10}},"5":{"start":{"line":22,"column":8},"end":{"line":22,"column":30}},"6":{"start":{"line":26,"column":2},"end":{"line":28,"column":4}}},"branchMap":{}},"/Users/nerdfiles/Projects/oh-my-grid/src/app/user/post.js":{"path":"/Users/nerdfiles/Projects/oh-my-grid/src/app/user/post.js","s":{"1":1,"2":1,"3":1,"4":1,"5":0,"6":0,"7":0,"8":0,"9":0,"10":0,"11":0,"12":0,"13":0,"14":1},"b":{"1":[0,0]},"f":{"1":0,"2":0},"fnMap":{"1":{"name":"(anonymous_1)","line":21,"loc":{"start":{"line":21,"column":21},"end":{"line":21,"column":36}}},"2":{"name":"(anonymous_2)","line":24,"loc":{"start":{"line":24,"column":15},"end":{"line":24,"column":30}}}},"statementMap":{"1":{"start":{"line":8,"column":0},"end":{"line":8,"column":46}},"2":{"start":{"line":11,"column":0},"end":{"line":37,"column":2}},"3":{"start":{"line":12,"column":2},"end":{"line":12,"column":29}},"4":{"start":{"line":13,"column":2},"end":{"line":32,"column":4}},"5":{"start":{"line":14,"column":4},"end":{"line":31,"column":9}},"6":{"start":{"line":16,"column":8},"end":{"line":16,"column":49}},"7":{"start":{"line":17,"column":8},"end":{"line":19,"column":11}},"8":{"start":{"line":20,"column":8},"end":{"line":20,"column":34}},"9":{"start":{"line":21,"column":8},"end":{"line":26,"column":11}},"10":{"start":{"line":22,"column":10},"end":{"line":22,"column":27}},"11":{"start":{"line":25,"column":10},"end":{"line":25,"column":29}},"12":{"start":{"line":27,"column":8},"end":{"line":27,"column":43}},"13":{"start":{"line":30,"column":8},"end":{"line":30,"column":31}},"14":{"start":{"line":34,"column":2},"end":{"line":36,"column":4}}},"branchMap":{"1":{"line":16,"type":"binary-expr","locations":[{"start":{"line":16,"column":25},"end":{"line":16,"column":38}},{"start":{"line":16,"column":42},"end":{"line":16,"column":48}}]}}},"/Users/nerdfiles/Projects/oh-my-grid/src/app/user/delete.js":{"path":"/Users/nerdfiles/Projects/oh-my-grid/src/app/user/delete.js","s":{"1":1,"2":0,"3":0,"4":0,"5":0,"6":0},"b":{},"f":{},"fnMap":{},"statementMap":{"1":{"start":{"line":7,"column":0},"end":{"line":27,"column":2}},"2":{"start":{"line":9,"column":2},"end":{"line":22,"column":4}},"3":{"start":{"line":10,"column":4},"end":{"line":21,"column":9}},"4":{"start":{"line":13,"column":8},"end":{"line":17,"column":10}},"5":{"start":{"line":20,"column":8},"end":{"line":20,"column":31}},"6":{"start":{"line":24,"column":2},"end":{"line":26,"column":4}}},"branchMap":{}},"/Users/nerdfiles/Projects/oh-my-grid/src/inter/http/resources/user/router.js":{"path":"/Users/nerdfiles/Projects/oh-my-grid/src/inter/http/resources/user/router.js","s":{"1":1,"2":1,"3":1,"4":1,"5":1,"6":1,"7":0,"8":0,"9":0,"10":0,"11":1,"12":0,"13":0,"14":0,"15":0,"16":1},"b":{},"f":{"1":0},"fnMap":{"1":{"name":"(anonymous_1)","line":46,"loc":{"start":{"line":46,"column":28},"end":{"line":46,"column":44}}}},"statementMap":{"1":{"start":{"line":5,"column":0},"end":{"line":5,"column":38}},"2":{"start":{"line":6,"column":0},"end":{"line":6,"column":38}},"3":{"start":{"line":9,"column":0},"end":{"line":102,"column":2}},"4":{"start":{"line":16,"column":2},"end":{"line":16,"column":26}},"5":{"start":{"line":42,"column":2},"end":{"line":42,"column":34}},"6":{"start":{"line":44,"column":2},"end":{"line":55,"column":6}},"7":{"start":{"line":46,"column":6},"end":{"line":54,"column":9}},"8":{"start":{"line":47,"column":8},"end":{"line":47,"column":50}},"9":{"start":{"line":50,"column":8},"end":{"line":50,"column":28}},"10":{"start":{"line":51,"column":8},"end":{"line":53,"column":37}},"11":{"start":{"line":86,"column":2},"end":{"line":99,"column":7}},"12":{"start":{"line":88,"column":6},"end":{"line":98,"column":11}},"13":{"start":{"line":91,"column":10},"end":{"line":91,"column":52}},"14":{"start":{"line":94,"column":10},"end":{"line":94,"column":30}},"15":{"start":{"line":95,"column":10},"end":{"line":97,"column":39}},"16":{"start":{"line":101,"column":2},"end":{"line":101,"column":16}}},"branchMap":{}},"/Users/nerdfiles/Projects/oh-my-grid/src/inter/http/resources/token/router.js":{"path":"/Users/nerdfiles/Projects/oh-my-grid/src/inter/http/resources/token/router.js","s":{"1":1,"2":1,"3":1,"4":1,"5":1,"6":0,"7":0,"8":0,"9":0,"10":1},"b":{},"f":{},"fnMap":{},"statementMap":{"1":{"start":{"line":5,"column":0},"end":{"line":5,"column":38}},"2":{"start":{"line":6,"column":0},"end":{"line":6,"column":38}},"3":{"start":{"line":8,"column":0},"end":{"line":62,"column":2}},"4":{"start":{"line":9,"column":2},"end":{"line":9,"column":26}},"5":{"start":{"line":47,"column":2},"end":{"line":59,"column":7}},"6":{"start":{"line":49,"column":6},"end":{"line":58,"column":11}},"7":{"start":{"line":52,"column":10},"end":{"line":52,"column":52}},"8":{"start":{"line":55,"column":10},"end":{"line":55,"column":30}},"9":{"start":{"line":56,"column":10},"end":{"line":57,"column":33}},"10":{"start":{"line":61,"column":2},"end":{"line":61,"column":16}}},"branchMap":{}},"/Users/nerdfiles/Projects/oh-my-grid/src/inter/http/resources/token/instance.js":{"path":"/Users/nerdfiles/Projects/oh-my-grid/src/inter/http/resources/token/instance.js","s":{"1":1,"2":1,"3":1,"4":1,"5":1,"6":1},"b":{},"f":{},"fnMap":{},"statementMap":{"1":{"start":{"line":5,"column":0},"end":{"line":5,"column":51}},"2":{"start":{"line":6,"column":0},"end":{"line":6,"column":50}},"3":{"start":{"line":8,"column":0},"end":{"line":19,"column":2}},"4":{"start":{"line":9,"column":2},"end":{"line":9,"column":67}},"5":{"start":{"line":11,"column":2},"end":{"line":14,"column":5}},"6":{"start":{"line":16,"column":2},"end":{"line":18,"column":4}}},"branchMap":{}},"/Users/nerdfiles/Projects/oh-my-grid/src/app/token/index.js":{"path":"/Users/nerdfiles/Projects/oh-my-grid/src/app/token/index.js","s":{"1":1,"2":1},"b":{},"f":{},"fnMap":{},"statementMap":{"1":{"start":{"line":5,"column":0},"end":{"line":5,"column":30}},"2":{"start":{"line":7,"column":0},"end":{"line":9,"column":2}}},"branchMap":{}},"/Users/nerdfiles/Projects/oh-my-grid/src/domain/token/index.js":{"path":"/Users/nerdfiles/Projects/oh-my-grid/src/domain/token/index.js","s":{"1":1,"2":1,"3":1},"b":{},"f":{},"fnMap":{},"statementMap":{"1":{"start":{"line":6,"column":0},"end":{"line":6,"column":27}},"2":{"start":{"line":9,"column":0},"end":{"line":13,"column":3}},"3":{"start":{"line":16,"column":0},"end":{"line":16,"column":23}}},"branchMap":{}}}