TN:
SF:/Users/nerdfiles/Projects/oh-my-grid/src/container/index.js
FNF:0
FNH:0
DA:6,1
DA:8,1
DA:9,1
DA:10,1
DA:11,1
DA:12,1
DA:13,1
DA:14,1
DA:15,1
DA:16,1
DA:17,1
DA:18,1
DA:19,1
DA:22,1
DA:24,1
DA:40,1
LF:16
LH:16
BRF:0
BRH:0
end_of_record
TN:
SF:/Users/nerdfiles/Projects/oh-my-grid/src/app/index.js
FNF:0
FNH:0
DA:1,1
DA:2,0
DA:4,0
LF:3
LH:1
BRF:0
BRH:0
end_of_record
TN:
SF:/Users/nerdfiles/Projects/oh-my-grid/src/inter/http/server.js
FNF:0
FNH:0
DA:6,1
DA:8,1
DA:9,1
DA:11,1
DA:12,1
DA:13,1
DA:15,1
DA:17,1
DA:19,0
DA:20,0
DA:21,0
DA:22,0
LF:12
LH:8
BRF:0
BRH:0
end_of_record
TN:
SF:/Users/nerdfiles/Projects/oh-my-grid/src/inter/http/router/index.js
FNF:0
FNH:0
DA:5,1
DA:6,1
DA:7,1
DA:8,1
DA:10,1
DA:11,1
DA:13,1
DA:14,1
DA:15,1
DA:17,1
DA:18,1
DA:21,1
DA:22,1
DA:26,1
DA:27,1
DA:30,1
DA:32,1
DA:54,1
DA:55,1
DA:56,1
DA:58,1
DA:59,1
DA:61,1
DA:63,1
LF:24
LH:24
BRDA:21,1,0,0
BRDA:21,1,1,1
BRDA:26,2,0,0
BRDA:26,2,1,1
BRF:4
BRH:4
end_of_record
TN:
SF:/Users/nerdfiles/Projects/oh-my-grid/src/inter/http/utils/index.js
FNF:0
FNH:0
DA:5,1
DA:7,1
LF:2
LH:2
BRF:0
BRH:0
end_of_record
TN:
SF:/Users/nerdfiles/Projects/oh-my-grid/src/inter/http/utils/create-controller.js
FN:8,createControllerRoutes
FNF:1
FNH:1
FNDA:3,createControllerRoutes
DA:5,1
DA:8,1
DA:9,3
DA:10,3
DA:12,3
LF:5
LH:5
BRF:0
BRH:0
end_of_record
TN:
SF:/Users/nerdfiles/Projects/oh-my-grid/src/inter/http/middleware/http-logger.js
FNF:0
FNH:0
DA:5,1
DA:8,1
DA:9,0
DA:12,0
LF:4
LH:2
BRF:0
BRH:0
end_of_record
TN:
SF:/Users/nerdfiles/Projects/oh-my-grid/src/inter/http/middleware/error-handler.js
FNF:0
FNH:0
DA:5,1
DA:9,1
DA:11,1
DA:13,1
DA:20,1
LF:5
LH:5
BRDA:15,1,0,0
BRDA:15,1,1,0
BRF:2
BRH:2
end_of_record
TN:
SF:/Users/nerdfiles/Projects/oh-my-grid/src/inter/http/security/authn.js
FN:24,(anonymous_1)
FN:28,(anonymous_2)
FNF:2
FNH:0
FNDA:0,(anonymous_1)
FNDA:0,(anonymous_2)
DA:5,1
DA:6,1
DA:8,1
DA:9,1
DA:14,1
DA:15,0
DA:17,0
DA:19,0
DA:22,1
DA:24,1
DA:25,0
DA:28,1
DA:29,0
DA:32,1
DA:34,1
DA:37,1
LF:16
LH:11
BRF:0
BRH:0
end_of_record
TN:
SF:/Users/nerdfiles/Projects/oh-my-grid/config/index.js
FN:10,loadDbConfig
FNF:1
FNH:1
FNDA:1,loadDbConfig
DA:5,1
DA:7,1
DA:8,1
DA:10,1
DA:11,1
DA:12,1
DA:15,0
DA:18,1
DA:20,1
DA:21,1
DA:22,1
DA:27,1
LF:12
LH:11
BRDA:11,1,0,1
BRDA:11,1,1,0
BRDA:18,2,0,1
BRDA:18,2,1,0
BRF:4
BRH:2
end_of_record
TN:
SF:/Users/nerdfiles/Projects/oh-my-grid/config/environments/test.js
FNF:0
FNH:0
DA:5,1
LF:1
LH:1
BRDA:7,1,0,1
BRDA:7,1,1,1
BRF:2
BRH:2
end_of_record
TN:
SF:/Users/nerdfiles/Projects/oh-my-grid/config/database.js
FNF:0
FNH:0
DA:5,1
DA:6,1
DA:8,1
DA:11,1
LF:4
LH:4
BRF:0
BRH:0
end_of_record
TN:
SF:/Users/nerdfiles/Projects/oh-my-grid/src/infra/logging/index.js
FNF:0
FNH:0
DA:5,1
DA:6,1
DA:9,1
DA:11,1
DA:13,1
LF:5
LH:5
BRDA:9,1,0,1
BRDA:9,1,1,0
BRF:2
BRH:1
end_of_record
TN:
SF:/Users/nerdfiles/Projects/oh-my-grid/src/infra/database/index.js
FNF:0
FNH:0
DA:2,1
DA:4,1
DA:5,1
DA:7,0
DA:9,0
DA:12,1
LF:6
LH:4
BRDA:5,1,0,0
BRDA:5,1,1,1
BRF:2
BRH:1
end_of_record
TN:
SF:/Users/nerdfiles/Projects/oh-my-grid/src/infra/vendor/firebase/index.js
FNF:0
FNH:0
DA:1,1
DA:2,1
DA:3,1
DA:4,1
DA:7,1
DA:9,1
DA:19,1
DA:23,1
DA:25,1
DA:31,1
DA:33,1
DA:34,3
DA:35,3
DA:38,1
LF:14
LH:14
BRF:0
BRH:0
end_of_record
TN:
SF:/Users/nerdfiles/Projects/oh-my-grid/src/infra/jwt/index.js
FNF:0
FNH:0
DA:5,1
DA:6,1
DA:14,1
DA:15,0
DA:16,0
DA:17,0
DA:19,0
DA:20,0
DA:21,0
DA:23,0
DA:24,0
DA:25,0
DA:31,0
LF:13
LH:3
BRF:0
BRH:0
end_of_record
TN:
SF:/Users/nerdfiles/Projects/oh-my-grid/src/infra/support/response.js
FNF:0
FNH:0
DA:5,1
DA:7,1
DA:8,1
DA:9,0
DA:16,1
DA:17,0
DA:24,1
DA:25,0
DA:32,1
LF:9
LH:6
BRF:0
BRH:0
end_of_record
TN:
SF:/Users/nerdfiles/Projects/oh-my-grid/src/infra/support/date.js
FNF:0
FNH:0
DA:5,1
DA:8,1
DA:9,0
DA:11,0
DA:13,0
LF:5
LH:2
BRF:0
BRH:0
end_of_record
TN:
SF:/Users/nerdfiles/Projects/oh-my-grid/src/infra/repos/index.js
FNF:0
FNH:0
DA:5,1
DA:8,1
DA:9,1
DA:11,1
LF:4
LH:4
BRF:0
BRH:0
end_of_record
TN:
SF:/Users/nerdfiles/Projects/oh-my-grid/src/infra/repos/user/transform.js
FNF:0
FNH:0
DA:9,1
DA:15,1
DA:17,1
LF:3
LH:3
BRF:0
BRH:0
end_of_record
TN:
SF:/Users/nerdfiles/Projects/oh-my-grid/src/domain/user/index.js
FNF:0
FNH:0
DA:5,1
DA:8,1
LF:2
LH:2
BRF:0
BRH:0
end_of_record
TN:
SF:/Users/nerdfiles/Projects/oh-my-grid/src/domain/user/user.js
FNF:0
FNH:0
DA:5,1
DA:6,1
DA:7,1
DA:10,1
DA:28,1
LF:5
LH:5
BRF:0
BRH:0
end_of_record
TN:
SF:/Users/nerdfiles/Projects/oh-my-grid/src/domain/helper.js
FNF:0
FNH:0
DA:5,1
DA:13,1
DA:15,1
DA:18,1
LF:4
LH:4
BRF:0
BRH:0
end_of_record
TN:
SF:/Users/nerdfiles/Projects/oh-my-grid/src/infra/encryption/index.js
FNF:0
FNH:0
DA:5,1
DA:8,1
DA:9,0
DA:10,0
DA:13,1
DA:14,0
DA:17,1
LF:7
LH:4
BRF:0
BRH:0
end_of_record
TN:
SF:/Users/nerdfiles/Projects/oh-my-grid/src/infra/database/models/organization/index.js
FNF:0
FNH:0
DA:5,1
DA:7,1
DA:8,0
DA:10,0
DA:15,0
LF:5
LH:2
BRF:0
BRH:0
end_of_record
TN:
SF:/Users/nerdfiles/Projects/oh-my-grid/src/infra/database/models/place/index.js
FNF:0
FNH:0
DA:5,1
DA:7,1
DA:8,0
DA:10,0
DA:15,0
LF:5
LH:2
BRF:0
BRH:0
end_of_record
TN:
SF:/Users/nerdfiles/Projects/oh-my-grid/src/infra/database/models/user/index.js
FNF:0
FNH:0
DA:5,1
DA:7,1
DA:8,0
DA:10,0
DA:15,0
LF:5
LH:2
BRF:0
BRH:0
end_of_record
TN:
SF:/Users/nerdfiles/Projects/oh-my-grid/src/inter/http/resources/index.js
FNF:0
FNH:0
DA:5,1
DA:6,1
DA:7,1
DA:10,1
DA:11,1
DA:13,1
DA:31,1
DA:36,1
DA:60,1
DA:61,0
DA:66,1
DA:67,0
DA:70,1
LF:13
LH:11
BRF:0
BRH:0
end_of_record
TN:
SF:/Users/nerdfiles/Projects/oh-my-grid/src/inter/http/resources/user/instance.js
FNF:0
FNH:0
DA:5,1
DA:6,1
DA:9,1
DA:10,1
DA:16,1
DA:18,1
DA:19,1
DA:21,1
LF:8
LH:8
BRF:0
BRH:0
end_of_record
TN:
SF:/Users/nerdfiles/Projects/oh-my-grid/src/app/user/index.js
FNF:0
FNH:0
DA:9,1
DA:10,1
DA:11,1
DA:12,1
DA:14,1
LF:5
LH:5
BRF:0
BRH:0
end_of_record
TN:
SF:/Users/nerdfiles/Projects/oh-my-grid/src/app/user/get.js
FNF:0
FNH:0
DA:9,1
DA:11,1
DA:12,0
DA:15,0
DA:22,0
DA:26,1
LF:6
LH:3
BRF:0
BRH:0
end_of_record
TN:
SF:/Users/nerdfiles/Projects/oh-my-grid/src/app/user/post.js
FN:21,(anonymous_1)
FN:24,(anonymous_2)
FNF:2
FNH:0
FNDA:0,(anonymous_1)
FNDA:0,(anonymous_2)
DA:8,1
DA:11,1
DA:12,1
DA:13,1
DA:14,0
DA:16,0
DA:17,0
DA:20,0
DA:21,0
DA:22,0
DA:25,0
DA:27,0
DA:30,0
DA:34,1
LF:14
LH:5
BRDA:16,1,0,0
BRDA:16,1,1,0
BRF:2
BRH:0
end_of_record
TN:
SF:/Users/nerdfiles/Projects/oh-my-grid/src/app/user/delete.js
FNF:0
FNH:0
DA:7,1
DA:9,0
DA:10,0
DA:13,0
DA:20,0
DA:24,0
LF:6
LH:1
BRF:0
BRH:0
end_of_record
TN:
SF:/Users/nerdfiles/Projects/oh-my-grid/src/inter/http/resources/user/router.js
FN:46,(anonymous_1)
FNF:1
FNH:0
FNDA:0,(anonymous_1)
DA:5,1
DA:6,1
DA:9,1
DA:16,1
DA:42,1
DA:44,1
DA:46,0
DA:47,0
DA:50,0
DA:51,0
DA:86,1
DA:88,0
DA:91,0
DA:94,0
DA:95,0
DA:101,1
LF:16
LH:8
BRF:0
BRH:0
end_of_record
TN:
SF:/Users/nerdfiles/Projects/oh-my-grid/src/inter/http/resources/token/router.js
FNF:0
FNH:0
DA:5,1
DA:6,1
DA:8,1
DA:9,1
DA:47,1
DA:49,0
DA:52,0
DA:55,0
DA:56,0
DA:61,1
LF:10
LH:6
BRF:0
BRH:0
end_of_record
TN:
SF:/Users/nerdfiles/Projects/oh-my-grid/src/inter/http/resources/token/instance.js
FNF:0
FNH:0
DA:5,1
DA:6,1
DA:8,1
DA:9,1
DA:11,1
DA:16,1
LF:6
LH:6
BRF:0
BRH:0
end_of_record
TN:
SF:/Users/nerdfiles/Projects/oh-my-grid/src/app/token/index.js
FNF:0
FNH:0
DA:5,1
DA:7,1
LF:2
LH:2
BRF:0
BRH:0
end_of_record
TN:
SF:/Users/nerdfiles/Projects/oh-my-grid/src/domain/token/index.js
FNF:0
FNH:0
DA:6,1
DA:9,1
DA:16,1
LF:3
LH:3
BRF:0
BRH:0
end_of_record
